<html>
<body>
<pre>
<h1>Vision Build Log</h1>
<h2>Project:</h2>
E:\艾克姆开发板\进取者STC15开发板配套资料-V2.0\中级进阶实验例程\实验27 - MPU6050传感器 - 串口调试助手显示(串口1)\MPU6050\Project\MPU6050.uvproj
Project File Date:  07/11/2017

<h2>Output:</h2>
Build target 'MPU6050'
compiling main.c...
main.c(24): warning C318: can't open file 'delay.h'
main.c(25): warning C318: can't open file 'mpu6050.H'
main.c(26): warning C318: can't open file 'uart.h'
main.c(35): error C202: 'uint8': undefined identifier
main.c(35): error C141: syntax error near 'temp'
main.c(36): error C202: 'uint8': undefined identifier
main.c(36): error C141: syntax error near 'humidity'
main.c(37): error C202: 'uint8': undefined identifier
main.c(37): error C141: syntax error near 'strTemp'
main.c(38): error C202: 'uint8': undefined identifier
main.c(38): error C141: syntax error near 'strHumidity'
main.c(46): error C202: 'P3M1': undefined identifier
main.c(46): error C202: 'P3M0': undefined identifier
compiling delay.c...
..\Lib\delay.h(6): warning C318: can't open file '15W4KxxS4.H'
compiling uart.c...
..\Lib\delay.h(6): warning C318: can't open file '15W4KxxS4.H'
..\Lib\uart.c(11): error C202: 'PCON': undefined identifier
..\Lib\uart.c(12): error C202: 'SCON': undefined identifier
..\Lib\uart.c(13): error C202: 'AUXR': undefined identifier
..\Lib\uart.c(14): error C202: 'AUXR': undefined identifier
..\Lib\uart.c(15): error C202: 'TMOD': undefined identifier
..\Lib\uart.c(16): error C202: 'TMOD': undefined identifier
..\Lib\uart.c(17): error C202: 'TL1': undefined identifier
..\Lib\uart.c(18): error C202: 'TH1': undefined identifier
..\Lib\uart.c(19): error C202: 'ET1': undefined identifier
..\Lib\uart.c(20): error C202: 'TR1': undefined identifier
..\Lib\uart.c(30): error C202: 'SBUF': undefined identifier
..\Lib\uart.c(31): error C202: 'TI': undefined identifier
..\Lib\uart.c(32): error C202: 'TI': undefined identifier
..\Lib\uart.c(54): error C141: syntax error near 'UART1_VECTOR', expected 'const'
..\Lib\uart.c(54): error C132: 'UART1_VECTOR': not in formal parameter list
..\Lib\uart.c(54): error C141: syntax error near 'using'
..\Lib\uart.c(56): error C244: 'ES': can't initialize, bad type or class
..\Lib\uart.c(56): error C132: 'ES': not in formal parameter list
..\Lib\uart.c(57): error C141: syntax error near 'if'
..\Lib\uart.c(58): error C129: missing ';' before '{'
compiling MPU6050.C...
..\Lib\delay.h(6): warning C318: can't open file '15W4KxxS4.H'
..\Lib\MPU6050.H(10): error C202: 'P3': undefined identifier
..\Lib\MPU6050.C(36): error C202: 'DATA_PIN': undefined identifier
..\Lib\MPU6050.C(41): error C202: 'DATA_PIN': undefined identifier
..\Lib\MPU6050.C(43): error C202: 'DATA_PIN': undefined identifier
..\Lib\MPU6050.C(57): error C202: 'DATA_PIN': undefined identifier
..\Lib\MPU6050.C(59): error C202: 'DATA_PIN': undefined identifier
..\Lib\MPU6050.C(65): error C202: 'DATA_PIN': undefined identifier
..\Lib\MPU6050.C(68): error C202: 'DATA_PIN': undefined identifier
..\Lib\MPU6050.C(70): error C202: 'DATA_PIN': undefined identifier
..\Lib\MPU6050.C(81): error C202: 'DATA_PIN': undefined identifier
Target not created
Build target 'MPU6050'
compiling main.c...
compiling delay.c...
compiling uart.c...
compiling MPU6050.C...
linking...
Program Size: data=59.0 xdata=0 code=883
creating hex file from "..\MPU6050"...
"..\MPU6050" - 0 Error(s), 0 Warning(s).
Build target 'MPU6050'
compiling main.c...
main.c(55): warning C206: 'DHT11': missing function-prototype
main.c(58): error C200: left side of '.' requires struct/union
compiling delay.c...
compiling uart.c...
compiling MPU6050.C...
..\Lib\MPU6050.C(73): error C129: missing ';' before 'I2C_RecvByte'
Target not created
Build target 'MPU6050'
compiling main.c...
main.c(59): warning C206: 'GetData': missing function-prototype
main.c(59): error C267: 'GetData': requires ANSI-style prototype
compiling MPU6050.C...
..\Lib\MPU6050.C(143): warning C206: 'lcd_printf': missing function-prototype
..\Lib\MPU6050.C(143): error C267: 'lcd_printf': requires ANSI-style prototype
Target not created
Build target 'MPU6050'
compiling main.c...
main.c(54): warning C206: 'GetData': missing function-prototype
main.c(54): error C267: 'GetData': requires ANSI-style prototype
compiling MPU6050.C...
..\Lib\MPU6050.C(143): warning C206: 'lcd_printf': missing function-prototype
..\Lib\MPU6050.C(143): error C267: 'lcd_printf': requires ANSI-style prototype
Target not created
Rebuild target 'MPU6050'
compiling main.c...
main.c(54): warning C206: 'GetData': missing function-prototype
main.c(54): error C267: 'GetData': requires ANSI-style prototype
compiling delay.c...
compiling uart.c...
compiling MPU6050.C...
..\Lib\MPU6050.C(143): warning C206: 'lcd_printf': missing function-prototype
..\Lib\MPU6050.C(143): error C267: 'lcd_printf': requires ANSI-style prototype
Target not created
Rebuild target 'MPU6050'
compiling main.c...
main.c(54): warning C206: 'GetData': missing function-prototype
main.c(54): error C267: 'GetData': requires ANSI-style prototype
compiling delay.c...
compiling uart.c...
compiling MPU6050.C...
..\Lib\MPU6050.C(8): error C141: syntax error near '*', expected ')'
..\Lib\MPU6050.C(10): error C202: 'temp_data': undefined identifier
..\Lib\MPU6050.C(12): error C202: 'temp_data': undefined identifier
..\Lib\MPU6050.C(13): error C202: 's': undefined identifier
..\Lib\MPU6050.C(15): error C202: 's': undefined identifier
..\Lib\MPU6050.C(17): error C202: 's': undefined identifier
..\Lib\MPU6050.C(18): error C202: 'temp_data': undefined identifier
..\Lib\MPU6050.C(20): error C202: 's': undefined identifier
..\Lib\MPU6050.C(21): error C202: 'temp_data': undefined identifier
..\Lib\MPU6050.C(23): error C202: 's': undefined identifier
..\Lib\MPU6050.C(24): error C202: 'temp_data': undefined identifier
..\Lib\MPU6050.C(25): error C202: 's': undefined identifier
..\Lib\MPU6050.C(26): error C202: 'temp_data': undefined identifier
..\Lib\MPU6050.C(27): error C202: 's': undefined identifier
..\Lib\MPU6050.C(166): error C208: '_lcd_printf': too many actual parameters
Target not created
Rebuild target 'MPU6050'
compiling main.c...
main.c(54): warning C206: 'GetData': missing function-prototype
main.c(54): error C267: 'GetData': requires ANSI-style prototype
compiling delay.c...
compiling uart.c...
compiling MPU6050.C...
Target not created
Build target 'MPU6050'
compiling main.c...
compiling MPU6050.C...
linking...
Program Size: data=26.1 xdata=0 code=985
creating hex file from "..\MPU6050"...
"..\MPU6050" - 0 Error(s), 0 Warning(s).
Rebuild target 'MPU6050'
compiling main.c...
compiling delay.c...
compiling uart.c...
compiling MPU6050.C...
linking...
Program Size: data=26.1 xdata=0 code=985
creating hex file from "..\MPU6050"...
"..\MPU6050" - 0 Error(s), 0 Warning(s).
Rebuild target 'MPU6050'
compiling main.c...
compiling delay.c...
compiling uart.c...
compiling MPU6050.C...
linking...
Program Size: data=26.1 xdata=0 code=985
creating hex file from "..\MPU6050"...
"..\MPU6050" - 0 Error(s), 0 Warning(s).
Build target 'MPU6050'
compiling main.c...
linking...
Program Size: data=26.1 xdata=0 code=985
creating hex file from "..\MPU6050"...
"..\MPU6050" - 0 Error(s), 0 Warning(s).
Build target 'MPU6050'
compiling main.c...
linking...
Program Size: data=26.1 xdata=0 code=971
creating hex file from "..\MPU6050"...
"..\MPU6050" - 0 Error(s), 0 Warning(s).
Clean started: Project: 'MPU6050'
   deleting intermediate output files for target 'MPU6050'
Build target 'MPU6050'
compiling main.c...
compiling delay.c...
compiling uart.c...
compiling MPU6050.C...
linking...
Program Size: data=26.1 xdata=0 code=971
creating hex file from "..\MPU6050"...
"..\MPU6050" - 0 Error(s), 0 Warning(s).
Clean started: Project: 'MPU6050'
   deleting intermediate output files for target 'MPU6050'
Rebuild target 'MPU6050'
compiling main.c...
compiling delay.c...
compiling uart.c...
compiling MPU6050.C...
linking...
Program Size: data=26.1 xdata=0 code=971
creating hex file from "..\Output\MPU6050"...
"..\Output\MPU6050" - 0 Error(s), 0 Warning(s).
Build target 'MPU6050'
compiling main.c...
linking...
Program Size: data=26.1 xdata=0 code=971
creating hex file from "..\Output\MPU6050"...
"..\Output\MPU6050" - 0 Error(s), 0 Warning(s).
Clean started: Project: 'MPU6050'
   deleting intermediate output files for target 'MPU6050'
